
> ai-civilization-news-frontend@0.1.0 dev
> next dev

   ▲ Next.js 14.1.0
   - Local:        http://localhost:3001

 ✓ Ready in 2.7s
 ○ Compiling / ...
 ✓ Compiled / in 1608ms (472 modules)
 ✓ Compiled in 185ms (243 modules)
 ✓ Compiled /cluster/[id] in 177ms (466 modules)
 ✓ Compiled in 221ms (480 modules)
 ✓ Compiled in 233ms (480 modules)
 ✓ Compiled in 390ms (480 modules)
 ✓ Compiled in 334ms (480 modules)
 ✓ Compiled in 133ms (480 modules)
 ✓ Compiled in 370ms (480 modules)
 ⨯ ./app/page.tsx
Error: 
  [31mx[0m Unexpected token `main`. Expected jsx identifier
    ,-[[36;1;4m/Users/james/Desktop/ai文明/frontend/app/page.tsx[0m:44:1]
 [2m44[0m |     };
 [2m45[0m | 
 [2m46[0m |     return (
 [2m47[0m |         <main className="min-h-screen bg-[#050505] text-gray-100 p-8 font-sans selection:bg-cyan-900 selection:text-white">
    : [31;1m         ^^^^[0m
 [2m48[0m |             {/* Header */}
 [2m49[0m |             <header className="w-full px-8 mb-12 flex justify-between items-center border-b border-white/10 pb-6">
 [2m50[0m |                 <div>
    `----

Caused by:
    Syntax Error

Import trace for requested module:
./app/page.tsx
 ⨯ ./app/page.tsx
Error: 
  [31mx[0m Unexpected token `main`. Expected jsx identifier
    ,-[[36;1;4m/Users/james/Desktop/ai文明/frontend/app/page.tsx[0m:44:1]
 [2m44[0m |     };
 [2m45[0m | 
 [2m46[0m |     return (
 [2m47[0m |         <main className="min-h-screen bg-[#050505] text-gray-100 p-8 font-sans selection:bg-cyan-900 selection:text-white">
    : [31;1m         ^^^^[0m
 [2m48[0m |             {/* Header */}
 [2m49[0m |             <header className="w-full px-8 mb-12 flex justify-between items-center border-b border-white/10 pb-6">
 [2m50[0m |                 <div>
    `----

Caused by:
    Syntax Error

Import trace for requested module:
./app/page.tsx
 ○ Compiling /_error ...
 ⨯ ./app/page.tsx
Error: 
  [31mx[0m Unexpected token `main`. Expected jsx identifier
    ,-[[36;1;4m/Users/james/Desktop/ai文明/frontend/app/page.tsx[0m:44:1]
 [2m44[0m |     };
 [2m45[0m | 
 [2m46[0m |     return (
 [2m47[0m |         <main className="min-h-screen bg-[#050505] text-gray-100 p-8 font-sans selection:bg-cyan-900 selection:text-white">
    : [31;1m         ^^^^[0m
 [2m48[0m |             {/* Header */}
 [2m49[0m |             <header className="w-full px-8 mb-12 flex justify-between items-center border-b border-white/10 pb-6">
 [2m50[0m |                 <div>
    `----

Caused by:
    Syntax Error

Import trace for requested module:
./app/page.tsx
 ⚠ Fast Refresh had to perform a full reload due to a runtime error.
 ✓ Compiled /not-found in 615ms (634 modules)
 ⚠ Fast Refresh had to perform a full reload due to a runtime error.
 ✓ Compiled in 533ms (648 modules)
 ✓ Compiled in 271ms (643 modules)
 ✓ Compiled in 265ms (643 modules)
 ✓ Compiled in 218ms (643 modules)
 ✓ Compiled in 411ms (643 modules)
 ✓ Compiled in 1481ms (643 modules)
 ✓ Compiled in 483ms (643 modules)
 ⚠ Fast Refresh had to perform a full reload due to a runtime error.
 ⚠ Fast Refresh had to perform a full reload due to a runtime error.
 ⚠ Fast Refresh had to perform a full reload due to a runtime error.
 ⨯ app/page.tsx (63:29) @ Clock
 ⨯ ReferenceError: Clock is not defined
    at Home (./app/page.tsx:135:123)
[0m [90m 61 |[39m                         [33m<[39m[33mspan[39m className[33m=[39m[32m"text-gray-600 text-xs uppercase tracking-[0.2em] mb-1"[39m[33m>[39m[33mSystem[39m [33mTime[39m ([33mUTC[39m)[33m<[39m[33m/[39m[33mspan[39m[33m>[39m[0m
[0m [90m 62 |[39m                         [33m<[39m[33mspan[39m className[33m=[39m[32m"text-white text-3xl font-light font-mono tracking-widest"[39m[33m>[39m[0m
[0m[31m[1m>[22m[39m[90m 63 |[39m                             [33m<[39m[33mClock[39m [33m/[39m[33m>[39m[0m
[0m [90m    |[39m                             [31m[1m^[22m[39m[0m
[0m [90m 64 |[39m                         [33m<[39m[33m/[39m[33mspan[39m[33m>[39m[0m
[0m [90m 65 |[39m                     [33m<[39m[33m/[39m[33mdiv[39m[33m>[39m[0m
[0m [90m 66 |[39m                 [33m<[39m[33m/[39m[33mdiv[39m[33m>[39m[0m
 ⨯ app/page.tsx (63:29) @ Clock
 ⨯ ReferenceError: Clock is not defined
    at Home (./app/page.tsx:135:123)
[0m [90m 61 |[39m                         [33m<[39m[33mspan[39m className[33m=[39m[32m"text-gray-600 text-xs uppercase tracking-[0.2em] mb-1"[39m[33m>[39m[33mSystem[39m [33mTime[39m ([33mUTC[39m)[33m<[39m[33m/[39m[33mspan[39m[33m>[39m[0m
[0m [90m 62 |[39m                         [33m<[39m[33mspan[39m className[33m=[39m[32m"text-white text-3xl font-light font-mono tracking-widest"[39m[33m>[39m[0m
[0m[31m[1m>[22m[39m[90m 63 |[39m                             [33m<[39m[33mClock[39m [33m/[39m[33m>[39m[0m
[0m [90m    |[39m                             [31m[1m^[22m[39m[0m
[0m [90m 64 |[39m                         [33m<[39m[33m/[39m[33mspan[39m[33m>[39m[0m
[0m [90m 65 |[39m                     [33m<[39m[33m/[39m[33mdiv[39m[33m>[39m[0m
[0m [90m 66 |[39m                 [33m<[39m[33m/[39m[33mdiv[39m[33m>[39m[0m
 ⨯ app/page.tsx (63:29) @ Clock
 ⨯ ReferenceError: Clock is not defined
    at Home (./app/page.tsx:135:123)
[0m [90m 61 |[39m                         [33m<[39m[33mspan[39m className[33m=[39m[32m"text-gray-600 text-xs uppercase tracking-[0.2em] mb-1"[39m[33m>[39m[33mSystem[39m [33mTime[39m ([33mUTC[39m)[33m<[39m[33m/[39m[33mspan[39m[33m>[39m[0m
[0m [90m 62 |[39m                         [33m<[39m[33mspan[39m className[33m=[39m[32m"text-white text-3xl font-light font-mono tracking-widest"[39m[33m>[39m[0m
[0m[31m[1m>[22m[39m[90m 63 |[39m                             [33m<[39m[33mClock[39m [33m/[39m[33m>[39m[0m
[0m [90m    |[39m                             [31m[1m^[22m[39m[0m
[0m [90m 64 |[39m                         [33m<[39m[33m/[39m[33mspan[39m[33m>[39m[0m
[0m [90m 65 |[39m                     [33m<[39m[33m/[39m[33mdiv[39m[33m>[39m[0m
[0m [90m 66 |[39m                 [33m<[39m[33m/[39m[33mdiv[39m[33m>[39m[0m
 ⚠ Fast Refresh had to perform a full reload due to a runtime error.
 ⚠ Fast Refresh had to perform a full reload due to a runtime error.
 ✓ Compiled in 521ms (643 modules)
